# JRE version: OpenJDK Runtime Environment JBR-17.0.7+7-979.4-nomod (17.0.7+7) (build 17.0.7+7-b979.4)
# Java VM: OpenJDK 64-Bit Server VM JBR-17.0.7+7-979.4-nomod (17.0.7+7-b979.4, mixed mode, tiered, compressed oops, compressed class ptrs, g1 gc, windows-amd64)
GC Precious Log:
 CPUs: 4 total, 4 available
 Memory: 6020M
 Large Page Support: Disabled
 NUMA Support: Disabled
 Compressed Oops: Enabled (32-bit)
 Heap Region Size: 1M
 Heap Min Capacity: 8M
 Heap Initial Capacity: 96M
 Heap Max Capacity: 2G
 Pre-touch: Disabled
 Parallel Workers: 4
 Concurrent Workers: 1
 Concurrent Refinement Workers: 4
 Periodic GC: Disabled
Heap:
 garbage-first heap   total 334848K, used 121805K [0x0000000080000000, 0x0000000100000000)
  region size 1024K, 5 young (5120K), 5 survivors (5120K)
 Metaspace       used 144558K, committed 145792K, reserved 1179648K
  class space    used 18197K, committed 18752K, reserved 1048576K
GC Heap History (20 events):
Event: 3220.712 GC heap after
{Heap after GC invocations=91 (full 0):
 garbage-first heap   total 334848K, used 119966K [0x0000000080000000, 0x0000000100000000)
  region size 1024K, 2 young (2048K), 2 survivors (2048K)
 Metaspace       used 143338K, committed 144640K, reserved 1179648K
  class space    used 18163K, committed 18752K, reserved 1048576K
}
Event: 3221.751 GC heap before
{Heap before GC invocations=91 (full 0):
 garbage-first heap   total 334848K, used 161950K [0x0000000080000000, 0x0000000100000000)
  region size 1024K, 44 young (45056K), 2 survivors (2048K)
 Metaspace       used 143484K, committed 144768K, reserved 1179648K
  class space    used 18164K, committed 18752K, reserved 1048576K
}
Event: 3221.768 GC heap after
{Heap after GC invocations=92 (full 0):
 garbage-first heap   total 334848K, used 122730K [0x0000000080000000, 0x0000000100000000)
  region size 1024K, 5 young (5120K), 5 survivors (5120K)
 Metaspace       used 143484K, committed 144768K, reserved 1179648K
  class space    used 18164K, committed 18752K, reserved 1048576K
}
Event: 3223.512 GC heap before
{Heap before GC invocations=93 (full 0):
 garbage-first heap   total 334848K, used 244586K [0x0000000080000000, 0x0000000100000000)
  region size 1024K, 122 young (124928K), 5 survivors (5120K)
 Metaspace       used 144091K, committed 145344K, reserved 1179648K
  class space    used 18194K, committed 18752K, reserved 1048576K
}
Event: 3223.525 GC heap after
{Heap after GC invocations=94 (full 0):
 garbage-first heap   total 334848K, used 127799K [0x0000000080000000, 0x0000000100000000)
  region size 1024K, 10 young (10240K), 10 survivors (10240K)
 Metaspace       used 144091K, committed 145344K, reserved 1179648K
  class space    used 18194K, committed 18752K, reserved 1048576K
}
Event: 3223.672 GC heap before
{Heap before GC invocations=94 (full 0):
 garbage-first heap   total 334848K, used 133943K [0x0000000080000000, 0x0000000100000000)
  region size 1024K, 16 young (16384K), 10 survivors (10240K)
 Metaspace       used 144096K, committed 145344K, reserved 1179648K
  class space    used 18194K, committed 18752K, reserved 1048576K
}
Event: 3223.688 GC heap after
{Heap after GC invocations=95 (full 0):
 garbage-first heap   total 334848K, used 109969K [0x0000000080000000, 0x0000000100000000)
  region size 1024K, 2 young (2048K), 2 survivors (2048K)
 Metaspace       used 144096K, committed 145344K, reserved 1179648K
  class space    used 18194K, committed 18752K, reserved 1048576K
}
Event: 3223.760 GC heap before
{Heap before GC invocations=95 (full 0):
 garbage-first heap   total 334848K, used 117137K [0x0000000080000000, 0x0000000100000000)
  region size 1024K, 10 young (10240K), 2 survivors (2048K)
 Metaspace       used 144098K, committed 145344K, reserved 1179648K
  class space    used 18194K, committed 18752K, reserved 1048576K
}
Event: 3223.762 GC heap after
{Heap after GC invocations=96 (full 0):
 garbage-first heap   total 334848K, used 109426K [0x0000000080000000, 0x0000000100000000)
  region size 1024K, 1 young (1024K), 1 survivors (1024K)
 Metaspace       used 144098K, committed 145344K, reserved 1179648K
  class space    used 18194K, committed 18752K, reserved 1048576K
}
Event: 3590.189 GC heap before
{Heap before GC invocations=97 (full 0):
 garbage-first heap   total 334848K, used 281458K [0x0000000080000000, 0x0000000100000000)
  region size 1024K, 144 young (147456K), 1 survivors (1024K)
 Metaspace       used 144230K, committed 145408K, reserved 1179648K
  class space    used 18195K, committed 18752K, reserved 1048576K
}
Event: 3590.213 GC heap after
{Heap after GC invocations=98 (full 0):
 garbage-first heap   total 334848K, used 119375K [0x0000000080000000, 0x0000000100000000)
  region size 1024K, 12 young (12288K), 12 survivors (12288K)
 Metaspace       used 144230K, committed 145408K, reserved 1179648K
  class space    used 18195K, committed 18752K, reserved 1048576K
}
Event: 3590.222 GC heap before
{Heap before GC invocations=98 (full 0):
 garbage-first heap   total 334848K, used 123471K [0x0000000080000000, 0x0000000100000000)
  region size 1024K, 16 young (16384K), 12 survivors (12288K)
 Metaspace       used 144230K, committed 145408K, reserved 1179648K
  class space    used 18195K, committed 18752K, reserved 1048576K
}
Event: 3590.239 GC heap after
{Heap after GC invocations=99 (full 0):
 garbage-first heap   total 334848K, used 111476K [0x0000000080000000, 0x0000000100000000)
  region size 1024K, 1 young (1024K), 1 survivors (1024K)
 Metaspace       used 144230K, committed 145408K, reserved 1179648K
  class space    used 18195K, committed 18752K, reserved 1048576K
}
Event: 3590.499 GC heap before
{Heap before GC invocations=99 (full 0):
 garbage-first heap   total 334848K, used 121716K [0x0000000080000000, 0x0000000100000000)
  region size 1024K, 13 young (13312K), 1 survivors (1024K)
 Metaspace       used 144259K, committed 145536K, reserved 1179648K
  class space    used 18195K, committed 18752K, reserved 1048576K
}
Event: 3590.503 GC heap after
{Heap after GC invocations=100 (full 0):
 garbage-first heap   total 334848K, used 113533K [0x0000000080000000, 0x0000000100000000)
  region size 1024K, 3 young (3072K), 3 survivors (3072K)
 Metaspace       used 144259K, committed 145536K, reserved 1179648K
  class space    used 18195K, committed 18752K, reserved 1048576K
}
Event: 3885.353 GC heap before
{Heap before GC invocations=101 (full 0):
 garbage-first heap   total 334848K, used 278397K [0x0000000080000000, 0x0000000100000000)
  region size 1024K, 151 young (154624K), 3 survivors (3072K)
 Metaspace       used 144477K, committed 145728K, reserved 1179648K
  class space    used 18197K, committed 18752K, reserved 1048576K
}
Event: 3885.389 GC heap after
{Heap after GC invocations=102 (full 0):
 garbage-first heap   total 334848K, used 129511K [0x0000000080000000, 0x0000000100000000)
  region size 1024K, 15 young (15360K), 15 survivors (15360K)
 Metaspace       used 144477K, committed 145728K, reserved 1179648K
  class space    used 18197K, committed 18752K, reserved 1048576K
}
Event: 3885.401 GC heap before
{Heap before GC invocations=102 (full 0):
 garbage-first heap   total 334848K, used 130535K [0x0000000080000000, 0x0000000100000000)
  region size 1024K, 16 young (16384K), 15 survivors (15360K)
 Metaspace       used 144477K, committed 145728K, reserved 1179648K
  class space    used 18197K, committed 18752K, reserved 1048576K
}
Event: 3885.431 GC heap after
{Heap after GC invocations=103 (full 0):
 garbage-first heap   total 334848K, used 119089K [0x0000000080000000, 0x0000000100000000)
  region size 1024K, 2 young (2048K), 2 survivors (2048K)
 Metaspace       used 144477K, committed 145728K, reserved 1179648K
  class space    used 18197K, committed 18752K, reserved 1048576K
}
Event: 3886.047 GC heap before
{Heap before GC invocations=103 (full 0):
 garbage-first heap   total 334848K, used 164145K [0x0000000080000000, 0x0000000100000000)
  region size 1024K, 48 young (49152K), 2 survivors (2048K)
 Metaspace       used 144558K, committed 145792K, reserved 1179648K
  class space    used 18197K, committed 18752K, reserved 1048576K
}

